#
# There is insufficient memory for the Java Runtime Environment to continue.
# Native memory allocation (mmap) failed to map 234881024 bytes. Error detail: G1 virtual space
# Possible reasons:
#   The system is out of physical RAM or swap space
#   This process is running with CompressedOops enabled, and the Java Heap may be blocking the growth of the native heap
# Possible solutions:
#   Reduce memory load on the system
#   Increase physical memory or swap space
#   Check if swap backing store is full
#   Decrease Java heap size (-Xmx/-Xms)
#   Decrease number of Java threads
#   Decrease Java thread stack sizes (-Xss)
#   Set larger code cache with -XX:ReservedCodeCacheSize=
#   JVM is running with Zero Based Compressed Oops mode in which the Java heap is
#     placed in the first 32GB address space. The Java Heap base address is the
#     maximum limit for the native heap growth. Please use -XX:HeapBaseMinAddress
#     to set the Java Heap base and to place the Java Heap above 32GB virtual address.
# This output file may be truncated or incomplete.
#
#  Out of Memory Error (os_windows.cpp:3828), pid=7824, tid=13856
#
# JRE version:  (21.0.5+8) (build )
# Java VM: OpenJDK 64-Bit Server VM (21.0.5+8-b631.30, mixed mode, sharing, tiered, compressed oops, compressed class ptrs, g1 gc, windows-amd64)
# No core dump will be written. Minidumps are not enabled by default on client versions of Windows
#

---------------  S U M M A R Y ------------

Command Line: git4idea.http.GitAskPassApp Username for 'https://github.com': 

Host: AMD Ryzen 7 5700U with Radeon Graphics         , 16 cores, 13G,  Windows 11 , 64 bit Build 26100 (10.0.26100.1591)
Time: Sun May 11 17:46:16 2025 SE Asia Standard Time elapsed time: 1.198448 seconds (0d 0h 0m 1s)

---------------  T H R E A D  ---------------

Current thread (0x000001f1cf7dbe50):  JavaThread "Unknown thread" [_thread_in_vm, id=13856, stack(0x00000028f9a00000,0x00000028f9b00000) (1024K)]

Stack: [0x00000028f9a00000,0x00000028f9b00000]
Native frames: (J=compiled Java code, j=interpreted, Vv=VM code, C=native code)
V  [jvm.dll+0x6e52b9]
V  [jvm.dll+0x8c3633]
V  [jvm.dll+0x8c5b8e]
V  [jvm.dll+0x8c6273]
V  [jvm.dll+0x288f46]
V  [jvm.dll+0x6e1a35]
V  [jvm.dll+0x6d5e3a]
V  [jvm.dll+0x3634bb]
V  [jvm.dll+0x36b086]
V  [jvm.dll+0x3bd346]
V  [jvm.dll+0x3bd618]
V  [jvm.dll+0x335c2c]
V  [jvm.dll+0x33691b]
V  [jvm.dll+0x88aa89]
V  [jvm.dll+0x3ca518]
V  [jvm.dll+0x873b98]
V  [jvm.dll+0x45eede]
V  [jvm.dll+0x460bc1]
C  [jli.dll+0x52ab]
C  [ucrtbase.dll+0x14ea0]
C  [KERNEL32.DLL+0x2dbe7]
C  [ntdll.dll+0x85a6c]


---------------  P R O C E S S  ---------------

Threads class SMR info:
_java_thread_list=0x00007ffb0bcaa148, length=0, elements={
}

Java Threads: ( => current thread )
Total: 0

Other Threads:
  0x000001f1cf83a4f0 WorkerThread "GC Thread#0"                     [id=15996, stack(0x00000028f9b00000,0x00000028f9c00000) (1024K)]
  0x000001f1cf849310 ConcurrentGCThread "G1 Main Marker"            [id=10500, stack(0x00000028f9c00000,0x00000028f9d00000) (1024K)]
  0x000001f1cf84ac90 WorkerThread "G1 Conc#0"                       [id=2500, stack(0x00000028f9d00000,0x00000028f9e00000) (1024K)]

[error occurred during error reporting (printing all threads), id 0xc0000005, EXCEPTION_ACCESS_VIOLATION (0xc0000005) at pc=0x00007ffb0b398ce7]
VM state: not at safepoint (not fully initialized)

VM Mutex/Monitor currently owned by a thread:  ([mutex/lock_event])
[0x00007ffb0bd1eb30] Heap_lock - owner thread: 0x000001f1cf7dbe50

Heap address: 0x0000000721c00000, size: 3556 MB, Compressed Oops mode: Zero based, Oop shift amount: 3

CDS archive(s) mapped at: [0x0000000000000000-0x0000000000000000-0x0000000000000000), size 0, SharedBaseAddress: 0x0000000800000000, ArchiveRelocationMode: 1.
Narrow klass base: 0x0000000000000000, Narrow klass shift: 0, Narrow klass range: 0x0

GC Precious Log:
 CardTable entry size: 512
 Card Set container configuration: InlinePtr #cards 4 size 8 Array Of Cards #cards 16 size 48 Howl #buckets 8 coarsen threshold 3686 Howl Bitmap #cards 512 size 80 coarsen threshold 460 Card regions per heap region 1 cards per card region 4096

Heap:
 garbage-first heap   total 0K, used 0K [0x0000000721c00000, 0x0000000800000000)
  region size 2048K, 0 young (0K), 0 survivors (0K)
 Metaspace       used 0K, committed 0K, reserved 0K
  class space    used 0K, committed 0K, reserved 0K

Heap Regions: E=young(eden), S=young(survivor), O=old, HS=humongous(starts), HC=humongous(continues), CS=collection set, F=free, TAMS=top-at-mark-start, PB=parsable bottom

Card table byte_map: [0x000001f1e36f0000,0x000001f1e3df0000] _byte_map_base: 0x000001f1dfde2000

Marking Bits: (CMBitMap*) 0x000001f1cf83abf0
 Bits: [0x000001f1e3df0000, 0x000001f1e7580000)

GC Heap History (0 events):
No events

Dll operation events (1 events):
Event: 0.016 Loaded shared library D:\Data\WebStorm 2024.3.2.1\jbr\bin\java.dll

Deoptimization events (0 events):
No events

Classes loaded (0 events):
No events

Classes unloaded (0 events):
No events

Classes redefined (0 events):
No events

Internal exceptions (0 events):
No events

ZGC Phase Switch (0 events):
No events

VM Operations (0 events):
No events

Memory protections (0 events):
No events

Nmethod flushes (0 events):
No events

Events (0 events):
No events


Dynamic libraries:
0x00007ff7974a0000 - 0x00007ff7974aa000 	D:\Data\WebStorm 2024.3.2.1\jbr\bin\java.exe
0x00007ffb3de80000 - 0x00007ffb3e0e3000 	C:\WINDOWS\SYSTEM32\ntdll.dll
0x00007ffb3c8c0000 - 0x00007ffb3c987000 	C:\WINDOWS\System32\KERNEL32.DLL
0x00007ffb3b7e0000 - 0x00007ffb3bb81000 	C:\WINDOWS\System32\KERNELBASE.dll
0x00007ffb3b3c0000 - 0x00007ffb3b50b000 	C:\WINDOWS\System32\ucrtbase.dll
0x00007ffb37520000 - 0x00007ffb3753b000 	D:\Data\WebStorm 2024.3.2.1\jbr\bin\VCRUNTIME140.dll
0x00007ffb360e0000 - 0x00007ffb360f8000 	D:\Data\WebStorm 2024.3.2.1\jbr\bin\jli.dll
0x00007ffb3dc70000 - 0x00007ffb3de33000 	C:\WINDOWS\System32\USER32.dll
0x00007ffb3b510000 - 0x00007ffb3b537000 	C:\WINDOWS\System32\win32u.dll
0x00007ffb276c0000 - 0x00007ffb27950000 	C:\WINDOWS\WinSxS\amd64_microsoft.windows.common-controls_6595b64144ccf1df_6.0.26100.1591_none_3e0fac18e32dc903\COMCTL32.dll
0x00007ffb3c890000 - 0x00007ffb3c8ba000 	C:\WINDOWS\System32\GDI32.dll
0x00007ffb3b290000 - 0x00007ffb3b3b1000 	C:\WINDOWS\System32\gdi32full.dll
0x00007ffb3bd10000 - 0x00007ffb3bdb9000 	C:\WINDOWS\System32\msvcrt.dll
0x00007ffb3bc50000 - 0x00007ffb3bcf3000 	C:\WINDOWS\System32\msvcp_win.dll
0x00007ffb3db80000 - 0x00007ffb3dbaf000 	C:\WINDOWS\System32\IMM32.DLL
0x00007ffb37510000 - 0x00007ffb3751c000 	D:\Data\WebStorm 2024.3.2.1\jbr\bin\vcruntime140_1.dll
0x00007ffb18820000 - 0x00007ffb188ad000 	D:\Data\WebStorm 2024.3.2.1\jbr\bin\msvcp140.dll
0x00007ffb0b050000 - 0x00007ffb0be11000 	D:\Data\WebStorm 2024.3.2.1\jbr\bin\server\jvm.dll
0x00007ffb3cbf0000 - 0x00007ffb3cca2000 	C:\WINDOWS\System32\ADVAPI32.dll
0x00007ffb3c070000 - 0x00007ffb3c117000 	C:\WINDOWS\System32\sechost.dll
0x00007ffb3d940000 - 0x00007ffb3da56000 	C:\WINDOWS\System32\RPCRT4.dll
0x00007ffb3dbf0000 - 0x00007ffb3dc64000 	C:\WINDOWS\System32\WS2_32.dll
0x00007ffb3b130000 - 0x00007ffb3b17e000 	C:\WINDOWS\SYSTEM32\POWRPROF.dll
0x00007ffb30d10000 - 0x00007ffb30d46000 	C:\WINDOWS\SYSTEM32\WINMM.dll
0x00007ffb313c0000 - 0x00007ffb313cb000 	C:\WINDOWS\SYSTEM32\VERSION.dll
0x00007ffb3b110000 - 0x00007ffb3b124000 	C:\WINDOWS\SYSTEM32\UMPDC.dll
0x00007ffb3a0b0000 - 0x00007ffb3a0ca000 	C:\WINDOWS\SYSTEM32\kernel.appcore.dll
0x00007ffb374f0000 - 0x00007ffb374fa000 	D:\Data\WebStorm 2024.3.2.1\jbr\bin\jimage.dll
0x00007ffb31ad0000 - 0x00007ffb31d11000 	C:\WINDOWS\SYSTEM32\DBGHELP.DLL
0x00007ffb3d5b0000 - 0x00007ffb3d92c000 	C:\WINDOWS\System32\combase.dll
0x00007ffb3bdc0000 - 0x00007ffb3be96000 	C:\WINDOWS\System32\OLEAUT32.dll
0x00007ffb27150000 - 0x00007ffb27189000 	C:\WINDOWS\SYSTEM32\dbgcore.DLL
0x00007ffb3b740000 - 0x00007ffb3b7d9000 	C:\WINDOWS\System32\bcryptPrimitives.dll
0x00007ffb36860000 - 0x00007ffb36880000 	D:\Data\WebStorm 2024.3.2.1\jbr\bin\java.dll

dbghelp: loaded successfully - version: 4.0.5 - missing functions: none
symbol engine: initialized successfully - sym options: 0x614 - pdb path: .;D:\Data\WebStorm 2024.3.2.1\jbr\bin;C:\WINDOWS\SYSTEM32;C:\WINDOWS\WinSxS\amd64_microsoft.windows.common-controls_6595b64144ccf1df_6.0.26100.1591_none_3e0fac18e32dc903;D:\Data\WebStorm 2024.3.2.1\jbr\bin\server

VM Arguments:
java_command: git4idea.http.GitAskPassApp Username for 'https://github.com': 
java_class_path (initial): D:/Data/WebStorm 2024.3.2.1/plugins/vcs-git/lib/git4idea-rt.jar;D:/Data/WebStorm 2024.3.2.1/lib/externalProcess-rt.jar
Launcher Type: SUN_STANDARD

[Global flags]
     intx CICompilerCount                          = 12                                        {product} {ergonomic}
     uint ConcGCThreads                            = 3                                         {product} {ergonomic}
     uint G1ConcRefinementThreads                  = 13                                        {product} {ergonomic}
   size_t G1HeapRegionSize                         = 2097152                                   {product} {ergonomic}
    uintx GCDrainStackTargetSize                   = 64                                        {product} {ergonomic}
   size_t InitialHeapSize                          = 234881024                                 {product} {ergonomic}
   size_t MarkStackSize                            = 4194304                                   {product} {ergonomic}
   size_t MaxHeapSize                              = 3728736256                                {product} {ergonomic}
   size_t MinHeapDeltaBytes                        = 2097152                                   {product} {ergonomic}
   size_t MinHeapSize                              = 8388608                                   {product} {ergonomic}
    uintx NonNMethodCodeHeapSize                   = 7602480                                {pd product} {ergonomic}
    uintx NonProfiledCodeHeapSize                  = 122027880                              {pd product} {ergonomic}
    uintx ProfiledCodeHeapSize                     = 122027880                              {pd product} {ergonomic}
    uintx ReservedCodeCacheSize                    = 251658240                              {pd product} {ergonomic}
     bool SegmentedCodeCache                       = true                                      {product} {ergonomic}
   size_t SoftMaxHeapSize                          = 3728736256                             {manageable} {ergonomic}
     bool UseCompressedOops                        = true                           {product lp64_product} {ergonomic}
     bool UseG1GC                                  = true                                      {product} {ergonomic}
     bool UseLargePagesIndividualAllocation        = false                                  {pd product} {ergonomic}

Logging:
Log output configuration:
 #0: stdout all=warning uptime,level,tags foldmultilines=false
 #1: stderr all=off uptime,level,tags foldmultilines=false

Environment Variables:
PATH=D:\Code\Library\Git\mingw64\libexec\git-core;D:\Code\Library\Git\mingw64\libexec\git-core;D:\Code\Library\Git\mingw64\bin;D:\Code\Library\Git\usr\bin;C:\Users\NF_Ramz\bin;D:\Data\app\oracle\product\11.2.0\server\bin;C:\Program Files\Common Files\Oracle\Java\javapath;C:\WINDOWS\system32;C:\WINDOWS;C:\WINDOWS\System32\Wbem;C:\WINDOWS\System32\WindowsPowerShell\v1.0;C:\WINDOWS\System32\OpenSSH;D:\Data\Microsoft VS Code\bin;D:\Code\Library\ffmpeg\bin;D:\Code\Library\Node.js;D:\Code\Library\Git\cmd;C:\Program Files\Cloudflare\Cloudflare WARP;D:\Code\Library\Python\Scripts;D:\Code\Library\Python;C:\Users\NF_Ramz\AppData\Local\Microsoft\WindowsApps;C:\Users\NF_Ramz\AppData\Roaming\npm;D:\Code\Library\Java\bin;C:\adb;D:\Code\Library\Python\Scripts;D:\Code\Library\Python;D:\Code\Library\ffmpeg\bin;C:\Users\NF_Ramz\AppData\Local\Microsoft\WindowsApps;C:\Users\NF_Ramz\AppData\Roaming\npm;D:\Code\Library\Java\bin;D:\Data\WebStorm 2024.3.2.1\bin
USERNAME=NF_Ramz
DISPLAY=:0.0
LC_ALL=en_US.UTF-8
TERM=xterm-256color
TMPDIR=C:\Users\NF_Ramz\AppData\Local\Temp
OS=Windows_NT
PROCESSOR_IDENTIFIER=AMD64 Family 23 Model 104 Stepping 1, AuthenticAMD
TMP=C:\Users\NF_Ramz\AppData\Local\Temp
TEMP=C:\Users\NF_Ramz\AppData\Local\Temp




Periodic native trim disabled

JNI global refs:
JNI global refs: 0, weak refs: 0

JNI global refs memory usage: 0, weak refs: 0

Process memory usage:
Resident Set Size: 12752K (0% of 14557352K total physical memory with 1309972K free physical memory)

OOME stack traces (most recent first):
Classloader memory used:

---------------  S Y S T E M  ---------------

OS:
 Windows 11 , 64 bit Build 26100 (10.0.26100.1591)
OS uptime: 0 days 12:05 hours
Hyper-V role detected

CPU: total 16 (initial active 16) (16 cores per cpu, 2 threads per core) family 23 model 104 stepping 1 microcode 0x8608107, cx8, cmov, fxsr, ht, mmx, 3dnowpref, sse, sse2, sse3, ssse3, sse4a, sse4.1, sse4.2, popcnt, lzcnt, tsc, tscinvbit, avx, avx2, aes, clmul, bmi1, bmi2, adx, sha, fma, vzeroupper, clflush, clflushopt, hv, rdtscp, rdpid, f16c
Processor Information for all 16 processors :
  Max Mhz: 1801, Current Mhz: 1801, Mhz Limit: 1801

Memory: 4k page, system-wide physical 14216M (1279M free)
TotalPageFile size 14216M (AvailPageFile size 69M)
current process WorkingSet (physical memory assigned to process): 12M, peak: 12M
current process commit charge ("private bytes"): 70M, peak: 294M

vm_info: OpenJDK 64-Bit Server VM (21.0.5+8-b631.30) for windows-amd64 JRE (21.0.5+8-b631.30), built on 2024-12-06 by "builduser" with MS VC++ 16.10 / 16.11 (VS2019)

END.
